\BOOKMARK [1][-]{section.1}{引言}{}% 1
\BOOKMARK [2][-]{subsection.1.1}{背景及现状}{section.1}% 2
\BOOKMARK [3][-]{subsubsection.1.1.1}{背景知识}{subsection.1.1}% 3
\BOOKMARK [3][-]{subsubsection.1.1.2}{发展现状}{subsection.1.1}% 4
\BOOKMARK [2][-]{subsection.1.2}{本文主要工作}{section.1}% 5
\BOOKMARK [2][-]{subsection.1.3}{论文组织结构}{section.1}% 6
\BOOKMARK [1][-]{section.2}{蛋白质预测概述}{}% 7
\BOOKMARK [2][-]{subsection.2.1}{符号表}{section.2}% 8
\BOOKMARK [2][-]{subsection.2.2}{二级结构预测}{section.2}% 9
\BOOKMARK [3][-]{subsubsection.2.2.1}{组成及结构}{subsection.2.2}% 10
\BOOKMARK [3][-]{subsubsection.2.2.2}{八类预测}{subsection.2.2}% 11
\BOOKMARK [2][-]{subsection.2.3}{学习、策略以及评估}{section.2}% 12
\BOOKMARK [3][-]{subsubsection.2.3.1}{监督学习}{subsection.2.3}% 13
\BOOKMARK [3][-]{subsubsection.2.3.2}{梯度下降}{subsection.2.3}% 14
\BOOKMARK [3][-]{subsubsection.2.3.3}{预测评估}{subsection.2.3}% 15
\BOOKMARK [2][-]{subsection.2.4}{本章小结}{section.2}% 16
\BOOKMARK [1][-]{section.3}{深度学习简介}{}% 17
\BOOKMARK [2][-]{subsection.3.1}{神经元与深度}{section.3}% 18
\BOOKMARK [2][-]{subsection.3.2}{卷积神经网络}{section.3}% 19
\BOOKMARK [2][-]{subsection.3.3}{递归神经网络}{section.3}% 20
\BOOKMARK [2][-]{subsection.3.4}{本章小结}{section.3}% 21
\BOOKMARK [1][-]{section.4}{模型架构}{}% 22
\BOOKMARK [2][-]{subsection.4.1}{组合嵌入层}{section.4}% 23
\BOOKMARK [3][-]{subsubsection.4.1.1}{PSSM}{subsection.4.1}% 24
\BOOKMARK [3][-]{subsubsection.4.1.2}{FOFE编码}{subsection.4.1}% 25
\BOOKMARK [3][-]{subsubsection.4.1.3}{组合嵌入}{subsection.4.1}% 26
\BOOKMARK [2][-]{subsection.4.2}{多尺度卷积层}{section.4}% 27
\BOOKMARK [2][-]{subsection.4.3}{B-GRUs层}{section.4}% 28
\BOOKMARK [2][-]{subsection.4.4}{预测层}{section.4}% 29
\BOOKMARK [2][-]{subsection.4.5}{本章小结}{section.4}% 30
\BOOKMARK [1][-]{section.5}{实验分析}{}% 31
\BOOKMARK [2][-]{subsection.5.1}{数据集}{section.5}% 32
\BOOKMARK [2][-]{subsection.5.2}{实验测试}{section.5}% 33
\BOOKMARK [1][-]{section.6}{总结}{}% 34
\BOOKMARK [1][-]{section.6}{参考文献}{}% 35
