mktexpk --mfmode / --bdpi 600 --mag 1+0/600 --dpi 600 gbk26
mktexpk --mfmode / --bdpi 600 --mag 1+57/600 --dpi 657 gbk12
mktexpk --mfmode / --bdpi 600 --mag 1+57/600 --dpi 657 gbk12
mktexpk --mfmode / --bdpi 600 --mag 1+57/600 --dpi 657 gbk12
mktexpk --mfmode / --bdpi 600 --mag 1+57/600 --dpi 657 gbk12
mktexpk --mfmode / --bdpi 600 --mag 3+368/600 --dpi 2168 gbk01
mktexpk --mfmode / --bdpi 600 --mag 3+368/600 --dpi 2168 gbk01
mktextfm LiSu
mktextfm LiSu
mktextfm LiSu
mktextfm LiSu/BI
mktextfm LiSu
mktextfm LiSu/B
mktextfm LiSu
mktextfm LiSu/I
mktextfm LiSu
mktextfm LiSu
mktextfm Consolas
mktextfm Consolas
mktextfm Consolas
mktextfm Consolas/BI
mktextfm Consolas
mktextfm Consolas/B
mktextfm Consolas
mktextfm Consolas/I
mktextfm Consolas
mktextfm Consolas
mktextfm LiSu
mktextfm LiSu
mktextfm LiSu
mktextfm LiSu/BI
mktextfm LiSu
mktextfm LiSu/B
mktextfm LiSu
mktextfm LiSu/I
mktextfm LiSu
mktextfm LiSu
mktextfm Consolas
mktextfm Consolas
mktextfm Consolas
mktextfm Consolas/BI
mktextfm Consolas
mktextfm Consolas/B
mktextfm Consolas
mktextfm Consolas/I
mktextfm Consolas
mktextfm Consolas
mktextfm SimHei/OT
mktextfm SimHei/OT
mktextfm SimHei/OT
mktextfm SimHei/BI/OT
mktextfm SimHei/OT
mktextfm SimHei/B/OT
mktextfm SimHei/OT
mktextfm SimHei/I/OT
mktextfm SimHei/OT
mktextfm SimHei/OT
mktextfm SimHei/OT
mktextfm SimHei/OT
mktextfm SimHei/OT
mktextfm SimHei/BI/OT
mktextfm SimHei/OT
mktextfm SimHei/B/OT
mktextfm SimHei/OT
mktextfm SimHei/I/OT
mktextfm SimHei/OT
mktextfm SimHei/OT
mktextfm font/OT
mktextfm font/OT
mktextfm font/OT
mktextfm font/BI/OT
mktextfm font/OT
mktextfm font/B/OT
mktextfm font/OT
mktextfm font/I/OT
mktextfm font/OT
mktextfm font/OT
mktextfm STSongti-SC/OT
mktextfm STSongti-SC/OT
mktextfm STSongti-SC/OT
mktextfm STSongti-SC/BI/OT
mktextfm STSongti-SC/OT
mktextfm STSongti-SC/B/OT
mktextfm STSongti-SC/OT
mktextfm STSongti-SC/I/OT
mktextfm STSongti-SC/OT
mktextfm STSongti-SC/OT
mktextfm STHeitiSC/OT
mktextfm STHeitiSC/OT
mktextfm STHeitiSC/OT
mktextfm STHeitiSC/BI/OT
mktextfm STHeitiSC/OT
mktextfm STHeitiSC/B/OT
mktextfm STHeitiSC/OT
mktextfm STHeitiSC/I/OT
mktextfm STHeitiSC/OT
mktextfm STHeitiSC/OT
